Command: vcs -full64 -R -sverilog -l vcs.log -ntb_opts uvm-1.1 +UVM_TESTNAME=test_base \
+UVM_VERBOSITY=HIGH +ntb_random_seed_automatic -override_timescale=1ps/1ps testcase.sv \
testclass.sv package.sv
                         Chronologic VCS (TM)
      Version N-2017.12-SP2-5_Full64 -- Wed Jun 19 19:12:44 2019
               Copyright (c) 1991-2017 by Synopsys Inc.
                         ALL RIGHTS RESERVED

This program is proprietary and confidential information of Synopsys Inc.
and may be used and disclosed only as authorized in a license agreement
controlling such use and disclosure.

Parsing design file '/usr/synopsys/vcs-mx/N-2017.12-SP2-5//etc/uvm-1.1/uvm_pkg.sv'
Parsing included file '/usr/synopsys/vcs-mx/N-2017.12-SP2-5//etc/uvm-1.1/uvm_macros.svh'.
Parsing included file '/usr/synopsys/vcs-mx/N-2017.12-SP2-5//etc/uvm-1.1/macros/uvm_version_defines.svh'.
Back to file '/usr/synopsys/vcs-mx/N-2017.12-SP2-5//etc/uvm-1.1/uvm_macros.svh'.
Parsing included file '/usr/synopsys/vcs-mx/N-2017.12-SP2-5//etc/uvm-1.1/macros/uvm_message_defines.svh'.
Back to file '/usr/synopsys/vcs-mx/N-2017.12-SP2-5//etc/uvm-1.1/uvm_macros.svh'.
Parsing included file '/usr/synopsys/vcs-mx/N-2017.12-SP2-5//etc/uvm-1.1/macros/uvm_phase_defines.svh'.
Back to file '/usr/synopsys/vcs-mx/N-2017.12-SP2-5//etc/uvm-1.1/uvm_macros.svh'.
Parsing included file '/usr/synopsys/vcs-mx/N-2017.12-SP2-5//etc/uvm-1.1/macros/uvm_object_defines.svh'.
Back to file '/usr/synopsys/vcs-mx/N-2017.12-SP2-5//etc/uvm-1.1/uvm_macros.svh'.
Parsing included file '/usr/synopsys/vcs-mx/N-2017.12-SP2-5//etc/uvm-1.1/macros/uvm_printer_defines.svh'.
Back to file '/usr/synopsys/vcs-mx/N-2017.12-SP2-5//etc/uvm-1.1/uvm_macros.svh'.
Parsing included file '/usr/synopsys/vcs-mx/N-2017.12-SP2-5//etc/uvm-1.1/macros/uvm_tlm_defines.svh'.
Parsing included file '/usr/synopsys/vcs-mx/N-2017.12-SP2-5//etc/uvm-1.1/tlm1/uvm_tlm_imps.svh'.
Back to file '/usr/synopsys/vcs-mx/N-2017.12-SP2-5//etc/uvm-1.1/macros/uvm_tlm_defines.svh'.
Back to file '/usr/synopsys/vcs-mx/N-2017.12-SP2-5//etc/uvm-1.1/uvm_macros.svh'.
Parsing included file '/usr/synopsys/vcs-mx/N-2017.12-SP2-5//etc/uvm-1.1/macros/uvm_sequence_defines.svh'.
Back to file '/usr/synopsys/vcs-mx/N-2017.12-SP2-5//etc/uvm-1.1/uvm_macros.svh'.
Parsing included file '/usr/synopsys/vcs-mx/N-2017.12-SP2-5//etc/uvm-1.1/macros/uvm_callback_defines.svh'.
Back to file '/usr/synopsys/vcs-mx/N-2017.12-SP2-5//etc/uvm-1.1/uvm_macros.svh'.
Parsing included file '/usr/synopsys/vcs-mx/N-2017.12-SP2-5//etc/uvm-1.1/macros/uvm_reg_defines.svh'.
Back to file '/usr/synopsys/vcs-mx/N-2017.12-SP2-5//etc/uvm-1.1/uvm_macros.svh'.
Parsing included file '/usr/synopsys/vcs-mx/N-2017.12-SP2-5//etc/uvm-1.1/macros/uvm_deprecated_defines.svh'.
Back to file '/usr/synopsys/vcs-mx/N-2017.12-SP2-5//etc/uvm-1.1/uvm_macros.svh'.
Back to file '/usr/synopsys/vcs-mx/N-2017.12-SP2-5//etc/uvm-1.1/uvm_pkg.sv'.
Parsing included file '/usr/synopsys/vcs-mx/N-2017.12-SP2-5//etc/uvm-1.1/directc/uvm_directc.svh'.
Parsing included file '/usr/synopsys/vcs-mx/N-2017.12-SP2-5//etc/uvm-1.1/directc/uvm_seed.vh'.
Back to file '/usr/synopsys/vcs-mx/N-2017.12-SP2-5//etc/uvm-1.1/directc/uvm_directc.svh'.
Back to file '/usr/synopsys/vcs-mx/N-2017.12-SP2-5//etc/uvm-1.1/uvm_pkg.sv'.
Parsing included file '/usr/synopsys/vcs-mx/N-2017.12-SP2-5//etc/uvm-1.1/dpi/uvm_dpi.svh'.
Parsing included file '/usr/synopsys/vcs-mx/N-2017.12-SP2-5//etc/uvm-1.1/dpi/uvm_hdl.svh'.
Back to file '/usr/synopsys/vcs-mx/N-2017.12-SP2-5//etc/uvm-1.1/dpi/uvm_dpi.svh'.
Parsing included file '/usr/synopsys/vcs-mx/N-2017.12-SP2-5//etc/uvm-1.1/dpi/uvm_svcmd_dpi.svh'.
Back to file '/usr/synopsys/vcs-mx/N-2017.12-SP2-5//etc/uvm-1.1/dpi/uvm_dpi.svh'.
Parsing included file '/usr/synopsys/vcs-mx/N-2017.12-SP2-5//etc/uvm-1.1/dpi/uvm_regex.svh'.
Back to file '/usr/synopsys/vcs-mx/N-2017.12-SP2-5//etc/uvm-1.1/dpi/uvm_dpi.svh'.
Back to file '/usr/synopsys/vcs-mx/N-2017.12-SP2-5//etc/uvm-1.1/uvm_pkg.sv'.
Parsing included file '/usr/synopsys/vcs-mx/N-2017.12-SP2-5//etc/uvm-1.1/base/uvm_base.svh'.
Parsing included file '/usr/synopsys/vcs-mx/N-2017.12-SP2-5//etc/uvm-1.1/base/uvm_version.svh'.
Back to file '/usr/synopsys/vcs-mx/N-2017.12-SP2-5//etc/uvm-1.1/base/uvm_base.svh'.
Parsing included file '/usr/synopsys/vcs-mx/N-2017.12-SP2-5//etc/uvm-1.1/base/uvm_object_globals.svh'.
Back to file '/usr/synopsys/vcs-mx/N-2017.12-SP2-5//etc/uvm-1.1/base/uvm_base.svh'.
Parsing included file '/usr/synopsys/vcs-mx/N-2017.12-SP2-5//etc/uvm-1.1/base/uvm_misc.svh'.
Back to file '/usr/synopsys/vcs-mx/N-2017.12-SP2-5//etc/uvm-1.1/base/uvm_base.svh'.
Parsing included file '/usr/synopsys/vcs-mx/N-2017.12-SP2-5//etc/uvm-1.1/base/uvm_object.svh'.
Back to file '/usr/synopsys/vcs-mx/N-2017.12-SP2-5//etc/uvm-1.1/base/uvm_base.svh'.
Parsing included file '/usr/synopsys/vcs-mx/N-2017.12-SP2-5//etc/uvm-1.1/base/uvm_pool.svh'.
Back to file '/usr/synopsys/vcs-mx/N-2017.12-SP2-5//etc/uvm-1.1/base/uvm_base.svh'.
Parsing included file '/usr/synopsys/vcs-mx/N-2017.12-SP2-5//etc/uvm-1.1/base/uvm_queue.svh'.
Back to file '/usr/synopsys/vcs-mx/N-2017.12-SP2-5//etc/uvm-1.1/base/uvm_base.svh'.
Parsing included file '/usr/synopsys/vcs-mx/N-2017.12-SP2-5//etc/uvm-1.1/base/uvm_factory.svh'.
Back to file '/usr/synopsys/vcs-mx/N-2017.12-SP2-5//etc/uvm-1.1/base/uvm_base.svh'.
Parsing included file '/usr/synopsys/vcs-mx/N-2017.12-SP2-5//etc/uvm-1.1/base/uvm_registry.svh'.
Back to file '/usr/synopsys/vcs-mx/N-2017.12-SP2-5//etc/uvm-1.1/base/uvm_base.svh'.
Parsing included file '/usr/synopsys/vcs-mx/N-2017.12-SP2-5//etc/uvm-1.1/base/uvm_spell_chkr.svh'.
Back to file '/usr/synopsys/vcs-mx/N-2017.12-SP2-5//etc/uvm-1.1/base/uvm_base.svh'.
Parsing included file '/usr/synopsys/vcs-mx/N-2017.12-SP2-5//etc/uvm-1.1/base/uvm_resource.svh'.
Back to file '/usr/synopsys/vcs-mx/N-2017.12-SP2-5//etc/uvm-1.1/base/uvm_base.svh'.
Parsing included file '/usr/synopsys/vcs-mx/N-2017.12-SP2-5//etc/uvm-1.1/deprecated/uvm_resource_converter.svh'.
Back to file '/usr/synopsys/vcs-mx/N-2017.12-SP2-5//etc/uvm-1.1/base/uvm_base.svh'.
Parsing included file '/usr/synopsys/vcs-mx/N-2017.12-SP2-5//etc/uvm-1.1/base/uvm_resource_specializations.svh'.
Back to file '/usr/synopsys/vcs-mx/N-2017.12-SP2-5//etc/uvm-1.1/base/uvm_base.svh'.
Parsing included file '/usr/synopsys/vcs-mx/N-2017.12-SP2-5//etc/uvm-1.1/base/uvm_resource_db.svh'.
Back to file '/usr/synopsys/vcs-mx/N-2017.12-SP2-5//etc/uvm-1.1/base/uvm_base.svh'.
Parsing included file '/usr/synopsys/vcs-mx/N-2017.12-SP2-5//etc/uvm-1.1/base/uvm_config_db.svh'.
Back to file '/usr/synopsys/vcs-mx/N-2017.12-SP2-5//etc/uvm-1.1/base/uvm_base.svh'.
Parsing included file '/usr/synopsys/vcs-mx/N-2017.12-SP2-5//etc/uvm-1.1/base/uvm_printer.svh'.
Back to file '/usr/synopsys/vcs-mx/N-2017.12-SP2-5//etc/uvm-1.1/base/uvm_base.svh'.
Parsing included file '/usr/synopsys/vcs-mx/N-2017.12-SP2-5//etc/uvm-1.1/base/uvm_comparer.svh'.
Back to file '/usr/synopsys/vcs-mx/N-2017.12-SP2-5//etc/uvm-1.1/base/uvm_base.svh'.
Parsing included file '/usr/synopsys/vcs-mx/N-2017.12-SP2-5//etc/uvm-1.1/base/uvm_packer.svh'.
Back to file '/usr/synopsys/vcs-mx/N-2017.12-SP2-5//etc/uvm-1.1/base/uvm_base.svh'.
Parsing included file '/usr/synopsys/vcs-mx/N-2017.12-SP2-5//etc/uvm-1.1/base/uvm_recorder.svh'.
Back to file '/usr/synopsys/vcs-mx/N-2017.12-SP2-5//etc/uvm-1.1/base/uvm_base.svh'.
Parsing included file '/usr/synopsys/vcs-mx/N-2017.12-SP2-5//etc/uvm-1.1/base/uvm_event_callback.svh'.
Back to file '/usr/synopsys/vcs-mx/N-2017.12-SP2-5//etc/uvm-1.1/base/uvm_base.svh'.
Parsing included file '/usr/synopsys/vcs-mx/N-2017.12-SP2-5//etc/uvm-1.1/base/uvm_event.svh'.
Back to file '/usr/synopsys/vcs-mx/N-2017.12-SP2-5//etc/uvm-1.1/base/uvm_base.svh'.
Parsing included file '/usr/synopsys/vcs-mx/N-2017.12-SP2-5//etc/uvm-1.1/base/uvm_barrier.svh'.
Back to file '/usr/synopsys/vcs-mx/N-2017.12-SP2-5//etc/uvm-1.1/base/uvm_base.svh'.
Parsing included file '/usr/synopsys/vcs-mx/N-2017.12-SP2-5//etc/uvm-1.1/base/uvm_callback.svh'.
Parsing included file '/usr/synopsys/vcs-mx/N-2017.12-SP2-5//etc/uvm-1.1/uvm_macros.svh'.
Back to file '/usr/synopsys/vcs-mx/N-2017.12-SP2-5//etc/uvm-1.1/base/uvm_callback.svh'.
Back to file '/usr/synopsys/vcs-mx/N-2017.12-SP2-5//etc/uvm-1.1/base/uvm_base.svh'.
Parsing included file '/usr/synopsys/vcs-mx/N-2017.12-SP2-5//etc/uvm-1.1/base/uvm_report_catcher.svh'.
Back to file '/usr/synopsys/vcs-mx/N-2017.12-SP2-5//etc/uvm-1.1/base/uvm_base.svh'.
Parsing included file '/usr/synopsys/vcs-mx/N-2017.12-SP2-5//etc/uvm-1.1/base/uvm_report_server.svh'.
Back to file '/usr/synopsys/vcs-mx/N-2017.12-SP2-5//etc/uvm-1.1/base/uvm_base.svh'.
Parsing included file '/usr/synopsys/vcs-mx/N-2017.12-SP2-5//etc/uvm-1.1/base/uvm_report_handler.svh'.
Back to file '/usr/synopsys/vcs-mx/N-2017.12-SP2-5//etc/uvm-1.1/base/uvm_base.svh'.
Parsing included file '/usr/synopsys/vcs-mx/N-2017.12-SP2-5//etc/uvm-1.1/base/uvm_report_object.svh'.
Back to file '/usr/synopsys/vcs-mx/N-2017.12-SP2-5//etc/uvm-1.1/base/uvm_base.svh'.
Parsing included file '/usr/synopsys/vcs-mx/N-2017.12-SP2-5//etc/uvm-1.1/base/uvm_transaction.svh'.
Back to file '/usr/synopsys/vcs-mx/N-2017.12-SP2-5//etc/uvm-1.1/base/uvm_base.svh'.
Parsing included file '/usr/synopsys/vcs-mx/N-2017.12-SP2-5//etc/uvm-1.1/base/uvm_phase.svh'.
Back to file '/usr/synopsys/vcs-mx/N-2017.12-SP2-5//etc/uvm-1.1/base/uvm_base.svh'.
Parsing included file '/usr/synopsys/vcs-mx/N-2017.12-SP2-5//etc/uvm-1.1/base/uvm_domain.svh'.
Back to file '/usr/synopsys/vcs-mx/N-2017.12-SP2-5//etc/uvm-1.1/base/uvm_base.svh'.
Parsing included file '/usr/synopsys/vcs-mx/N-2017.12-SP2-5//etc/uvm-1.1/base/uvm_bottomup_phase.svh'.
Back to file '/usr/synopsys/vcs-mx/N-2017.12-SP2-5//etc/uvm-1.1/base/uvm_base.svh'.
Parsing included file '/usr/synopsys/vcs-mx/N-2017.12-SP2-5//etc/uvm-1.1/base/uvm_topdown_phase.svh'.
Back to file '/usr/synopsys/vcs-mx/N-2017.12-SP2-5//etc/uvm-1.1/base/uvm_base.svh'.
Parsing included file '/usr/synopsys/vcs-mx/N-2017.12-SP2-5//etc/uvm-1.1/base/uvm_task_phase.svh'.
Back to file '/usr/synopsys/vcs-mx/N-2017.12-SP2-5//etc/uvm-1.1/base/uvm_base.svh'.
Parsing included file '/usr/synopsys/vcs-mx/N-2017.12-SP2-5//etc/uvm-1.1/base/uvm_common_phases.svh'.
Back to file '/usr/synopsys/vcs-mx/N-2017.12-SP2-5//etc/uvm-1.1/base/uvm_base.svh'.
Parsing included file '/usr/synopsys/vcs-mx/N-2017.12-SP2-5//etc/uvm-1.1/base/uvm_runtime_phases.svh'.
Back to file '/usr/synopsys/vcs-mx/N-2017.12-SP2-5//etc/uvm-1.1/base/uvm_base.svh'.
Parsing included file '/usr/synopsys/vcs-mx/N-2017.12-SP2-5//etc/uvm-1.1/base/uvm_component.svh'.
Parsing included file '/usr/synopsys/vcs-mx/N-2017.12-SP2-5//etc/uvm-1.1/base/uvm_root.svh'.
Back to file '/usr/synopsys/vcs-mx/N-2017.12-SP2-5//etc/uvm-1.1/base/uvm_component.svh'.
Back to file '/usr/synopsys/vcs-mx/N-2017.12-SP2-5//etc/uvm-1.1/base/uvm_base.svh'.
Parsing included file '/usr/synopsys/vcs-mx/N-2017.12-SP2-5//etc/uvm-1.1/base/uvm_objection.svh'.
Back to file '/usr/synopsys/vcs-mx/N-2017.12-SP2-5//etc/uvm-1.1/base/uvm_base.svh'.
Parsing included file '/usr/synopsys/vcs-mx/N-2017.12-SP2-5//etc/uvm-1.1/base/uvm_heartbeat.svh'.
Back to file '/usr/synopsys/vcs-mx/N-2017.12-SP2-5//etc/uvm-1.1/base/uvm_base.svh'.
Parsing included file '/usr/synopsys/vcs-mx/N-2017.12-SP2-5//etc/uvm-1.1/base/uvm_globals.svh'.
Back to file '/usr/synopsys/vcs-mx/N-2017.12-SP2-5//etc/uvm-1.1/base/uvm_base.svh'.
Parsing included file '/usr/synopsys/vcs-mx/N-2017.12-SP2-5//etc/uvm-1.1/base/uvm_cmdline_processor.svh'.
Back to file '/usr/synopsys/vcs-mx/N-2017.12-SP2-5//etc/uvm-1.1/base/uvm_base.svh'.
Back to file '/usr/synopsys/vcs-mx/N-2017.12-SP2-5//etc/uvm-1.1/uvm_pkg.sv'.
Parsing included file '/usr/synopsys/vcs-mx/N-2017.12-SP2-5//etc/uvm-1.1/tlm1/uvm_tlm.svh'.
Parsing included file '/usr/synopsys/vcs-mx/N-2017.12-SP2-5//etc/uvm-1.1/tlm1/uvm_tlm_ifs.svh'.
Back to file '/usr/synopsys/vcs-mx/N-2017.12-SP2-5//etc/uvm-1.1/tlm1/uvm_tlm.svh'.
Parsing included file '/usr/synopsys/vcs-mx/N-2017.12-SP2-5//etc/uvm-1.1/tlm1/uvm_sqr_ifs.svh'.
Back to file '/usr/synopsys/vcs-mx/N-2017.12-SP2-5//etc/uvm-1.1/tlm1/uvm_tlm.svh'.
Parsing included file '/usr/synopsys/vcs-mx/N-2017.12-SP2-5//etc/uvm-1.1/base/uvm_port_base.svh'.
Back to file '/usr/synopsys/vcs-mx/N-2017.12-SP2-5//etc/uvm-1.1/tlm1/uvm_tlm.svh'.
Parsing included file '/usr/synopsys/vcs-mx/N-2017.12-SP2-5//etc/uvm-1.1/tlm1/uvm_tlm_imps.svh'.
Back to file '/usr/synopsys/vcs-mx/N-2017.12-SP2-5//etc/uvm-1.1/tlm1/uvm_tlm.svh'.
Parsing included file '/usr/synopsys/vcs-mx/N-2017.12-SP2-5//etc/uvm-1.1/tlm1/uvm_imps.svh'.
Back to file '/usr/synopsys/vcs-mx/N-2017.12-SP2-5//etc/uvm-1.1/tlm1/uvm_tlm.svh'.
Parsing included file '/usr/synopsys/vcs-mx/N-2017.12-SP2-5//etc/uvm-1.1/tlm1/uvm_ports.svh'.
Back to file '/usr/synopsys/vcs-mx/N-2017.12-SP2-5//etc/uvm-1.1/tlm1/uvm_tlm.svh'.
Parsing included file '/usr/synopsys/vcs-mx/N-2017.12-SP2-5//etc/uvm-1.1/tlm1/uvm_exports.svh'.
Back to file '/usr/synopsys/vcs-mx/N-2017.12-SP2-5//etc/uvm-1.1/tlm1/uvm_tlm.svh'.
Parsing included file '/usr/synopsys/vcs-mx/N-2017.12-SP2-5//etc/uvm-1.1/tlm1/uvm_analysis_port.svh'.
Back to file '/usr/synopsys/vcs-mx/N-2017.12-SP2-5//etc/uvm-1.1/tlm1/uvm_tlm.svh'.
Parsing included file '/usr/synopsys/vcs-mx/N-2017.12-SP2-5//etc/uvm-1.1/tlm1/uvm_tlm_fifo_base.svh'.
Back to file '/usr/synopsys/vcs-mx/N-2017.12-SP2-5//etc/uvm-1.1/tlm1/uvm_tlm.svh'.
Parsing included file '/usr/synopsys/vcs-mx/N-2017.12-SP2-5//etc/uvm-1.1/tlm1/uvm_tlm_fifos.svh'.
Back to file '/usr/synopsys/vcs-mx/N-2017.12-SP2-5//etc/uvm-1.1/tlm1/uvm_tlm.svh'.
Parsing included file '/usr/synopsys/vcs-mx/N-2017.12-SP2-5//etc/uvm-1.1/tlm1/uvm_tlm_req_rsp.svh'.
Back to file '/usr/synopsys/vcs-mx/N-2017.12-SP2-5//etc/uvm-1.1/tlm1/uvm_tlm.svh'.
Parsing included file '/usr/synopsys/vcs-mx/N-2017.12-SP2-5//etc/uvm-1.1/tlm1/uvm_sqr_connections.svh'.
Back to file '/usr/synopsys/vcs-mx/N-2017.12-SP2-5//etc/uvm-1.1/tlm1/uvm_tlm.svh'.
Back to file '/usr/synopsys/vcs-mx/N-2017.12-SP2-5//etc/uvm-1.1/uvm_pkg.sv'.
Parsing included file '/usr/synopsys/vcs-mx/N-2017.12-SP2-5//etc/uvm-1.1/comps/uvm_comps.svh'.
Parsing included file '/usr/synopsys/vcs-mx/N-2017.12-SP2-5//etc/uvm-1.1/comps/uvm_pair.svh'.
Back to file '/usr/synopsys/vcs-mx/N-2017.12-SP2-5//etc/uvm-1.1/comps/uvm_comps.svh'.
Parsing included file '/usr/synopsys/vcs-mx/N-2017.12-SP2-5//etc/uvm-1.1/comps/uvm_policies.svh'.
Back to file '/usr/synopsys/vcs-mx/N-2017.12-SP2-5//etc/uvm-1.1/comps/uvm_comps.svh'.
Parsing included file '/usr/synopsys/vcs-mx/N-2017.12-SP2-5//etc/uvm-1.1/comps/uvm_in_order_comparator.svh'.
Back to file '/usr/synopsys/vcs-mx/N-2017.12-SP2-5//etc/uvm-1.1/comps/uvm_comps.svh'.
Parsing included file '/usr/synopsys/vcs-mx/N-2017.12-SP2-5//etc/uvm-1.1/comps/uvm_algorithmic_comparator.svh'.
Back to file '/usr/synopsys/vcs-mx/N-2017.12-SP2-5//etc/uvm-1.1/comps/uvm_comps.svh'.
Parsing included file '/usr/synopsys/vcs-mx/N-2017.12-SP2-5//etc/uvm-1.1/comps/uvm_random_stimulus.svh'.
Back to file '/usr/synopsys/vcs-mx/N-2017.12-SP2-5//etc/uvm-1.1/comps/uvm_comps.svh'.
Parsing included file '/usr/synopsys/vcs-mx/N-2017.12-SP2-5//etc/uvm-1.1/comps/uvm_subscriber.svh'.
Back to file '/usr/synopsys/vcs-mx/N-2017.12-SP2-5//etc/uvm-1.1/comps/uvm_comps.svh'.
Parsing included file '/usr/synopsys/vcs-mx/N-2017.12-SP2-5//etc/uvm-1.1/comps/uvm_monitor.svh'.
Back to file '/usr/synopsys/vcs-mx/N-2017.12-SP2-5//etc/uvm-1.1/comps/uvm_comps.svh'.
Parsing included file '/usr/synopsys/vcs-mx/N-2017.12-SP2-5//etc/uvm-1.1/comps/uvm_driver.svh'.
Back to file '/usr/synopsys/vcs-mx/N-2017.12-SP2-5//etc/uvm-1.1/comps/uvm_comps.svh'.
Parsing included file '/usr/synopsys/vcs-mx/N-2017.12-SP2-5//etc/uvm-1.1/comps/uvm_push_driver.svh'.
Back to file '/usr/synopsys/vcs-mx/N-2017.12-SP2-5//etc/uvm-1.1/comps/uvm_comps.svh'.
Parsing included file '/usr/synopsys/vcs-mx/N-2017.12-SP2-5//etc/uvm-1.1/comps/uvm_scoreboard.svh'.
Back to file '/usr/synopsys/vcs-mx/N-2017.12-SP2-5//etc/uvm-1.1/comps/uvm_comps.svh'.
Parsing included file '/usr/synopsys/vcs-mx/N-2017.12-SP2-5//etc/uvm-1.1/comps/uvm_agent.svh'.
Back to file '/usr/synopsys/vcs-mx/N-2017.12-SP2-5//etc/uvm-1.1/comps/uvm_comps.svh'.
Parsing included file '/usr/synopsys/vcs-mx/N-2017.12-SP2-5//etc/uvm-1.1/comps/uvm_env.svh'.
Back to file '/usr/synopsys/vcs-mx/N-2017.12-SP2-5//etc/uvm-1.1/comps/uvm_comps.svh'.
Parsing included file '/usr/synopsys/vcs-mx/N-2017.12-SP2-5//etc/uvm-1.1/comps/uvm_test.svh'.
Back to file '/usr/synopsys/vcs-mx/N-2017.12-SP2-5//etc/uvm-1.1/comps/uvm_comps.svh'.
Back to file '/usr/synopsys/vcs-mx/N-2017.12-SP2-5//etc/uvm-1.1/uvm_pkg.sv'.
Parsing included file '/usr/synopsys/vcs-mx/N-2017.12-SP2-5//etc/uvm-1.1/seq/uvm_seq.svh'.
Parsing included file '/usr/synopsys/vcs-mx/N-2017.12-SP2-5//etc/uvm-1.1/seq/uvm_sequence_item.svh'.
Back to file '/usr/synopsys/vcs-mx/N-2017.12-SP2-5//etc/uvm-1.1/seq/uvm_seq.svh'.
Parsing included file '/usr/synopsys/vcs-mx/N-2017.12-SP2-5//etc/uvm-1.1/seq/uvm_sequencer_base.svh'.
Back to file '/usr/synopsys/vcs-mx/N-2017.12-SP2-5//etc/uvm-1.1/seq/uvm_seq.svh'.
Parsing included file '/usr/synopsys/vcs-mx/N-2017.12-SP2-5//etc/uvm-1.1/seq/uvm_sequencer_analysis_fifo.svh'.
Back to file '/usr/synopsys/vcs-mx/N-2017.12-SP2-5//etc/uvm-1.1/seq/uvm_seq.svh'.
Parsing included file '/usr/synopsys/vcs-mx/N-2017.12-SP2-5//etc/uvm-1.1/seq/uvm_sequencer_param_base.svh'.
Back to file '/usr/synopsys/vcs-mx/N-2017.12-SP2-5//etc/uvm-1.1/seq/uvm_seq.svh'.
Parsing included file '/usr/synopsys/vcs-mx/N-2017.12-SP2-5//etc/uvm-1.1/seq/uvm_sequencer.svh'.
Back to file '/usr/synopsys/vcs-mx/N-2017.12-SP2-5//etc/uvm-1.1/seq/uvm_seq.svh'.
Parsing included file '/usr/synopsys/vcs-mx/N-2017.12-SP2-5//etc/uvm-1.1/seq/uvm_push_sequencer.svh'.
Back to file '/usr/synopsys/vcs-mx/N-2017.12-SP2-5//etc/uvm-1.1/seq/uvm_seq.svh'.
Parsing included file '/usr/synopsys/vcs-mx/N-2017.12-SP2-5//etc/uvm-1.1/seq/uvm_sequence_base.svh'.
Back to file '/usr/synopsys/vcs-mx/N-2017.12-SP2-5//etc/uvm-1.1/seq/uvm_seq.svh'.
Parsing included file '/usr/synopsys/vcs-mx/N-2017.12-SP2-5//etc/uvm-1.1/seq/uvm_sequence.svh'.
Back to file '/usr/synopsys/vcs-mx/N-2017.12-SP2-5//etc/uvm-1.1/seq/uvm_seq.svh'.
Parsing included file '/usr/synopsys/vcs-mx/N-2017.12-SP2-5//etc/uvm-1.1/seq/uvm_sequence_library.svh'.
Back to file '/usr/synopsys/vcs-mx/N-2017.12-SP2-5//etc/uvm-1.1/seq/uvm_seq.svh'.
Parsing included file '/usr/synopsys/vcs-mx/N-2017.12-SP2-5//etc/uvm-1.1/seq/uvm_sequence_builtin.svh'.
Back to file '/usr/synopsys/vcs-mx/N-2017.12-SP2-5//etc/uvm-1.1/seq/uvm_seq.svh'.
Back to file '/usr/synopsys/vcs-mx/N-2017.12-SP2-5//etc/uvm-1.1/uvm_pkg.sv'.
Parsing included file '/usr/synopsys/vcs-mx/N-2017.12-SP2-5//etc/uvm-1.1/tlm2/uvm_tlm2.svh'.
Parsing included file '/usr/synopsys/vcs-mx/N-2017.12-SP2-5//etc/uvm-1.1/tlm2/uvm_tlm2_defines.svh'.
Back to file '/usr/synopsys/vcs-mx/N-2017.12-SP2-5//etc/uvm-1.1/tlm2/uvm_tlm2.svh'.
Parsing included file '/usr/synopsys/vcs-mx/N-2017.12-SP2-5//etc/uvm-1.1/tlm2/uvm_tlm2_time.svh'.
Back to file '/usr/synopsys/vcs-mx/N-2017.12-SP2-5//etc/uvm-1.1/tlm2/uvm_tlm2.svh'.
Parsing included file '/usr/synopsys/vcs-mx/N-2017.12-SP2-5//etc/uvm-1.1/tlm2/uvm_tlm2_generic_payload.svh'.
Back to file '/usr/synopsys/vcs-mx/N-2017.12-SP2-5//etc/uvm-1.1/tlm2/uvm_tlm2.svh'.
Parsing included file '/usr/synopsys/vcs-mx/N-2017.12-SP2-5//etc/uvm-1.1/tlm2/uvm_tlm2_ifs.svh'.
Back to file '/usr/synopsys/vcs-mx/N-2017.12-SP2-5//etc/uvm-1.1/tlm2/uvm_tlm2.svh'.
Parsing included file '/usr/synopsys/vcs-mx/N-2017.12-SP2-5//etc/uvm-1.1/tlm2/uvm_tlm2_imps.svh'.
Back to file '/usr/synopsys/vcs-mx/N-2017.12-SP2-5//etc/uvm-1.1/tlm2/uvm_tlm2.svh'.
Parsing included file '/usr/synopsys/vcs-mx/N-2017.12-SP2-5//etc/uvm-1.1/tlm2/uvm_tlm2_ports.svh'.
Back to file '/usr/synopsys/vcs-mx/N-2017.12-SP2-5//etc/uvm-1.1/tlm2/uvm_tlm2.svh'.
Parsing included file '/usr/synopsys/vcs-mx/N-2017.12-SP2-5//etc/uvm-1.1/tlm2/uvm_tlm2_exports.svh'.
Back to file '/usr/synopsys/vcs-mx/N-2017.12-SP2-5//etc/uvm-1.1/tlm2/uvm_tlm2.svh'.
Parsing included file '/usr/synopsys/vcs-mx/N-2017.12-SP2-5//etc/uvm-1.1/tlm2/uvm_tlm2_sockets_base.svh'.
Back to file '/usr/synopsys/vcs-mx/N-2017.12-SP2-5//etc/uvm-1.1/tlm2/uvm_tlm2.svh'.
Parsing included file '/usr/synopsys/vcs-mx/N-2017.12-SP2-5//etc/uvm-1.1/tlm2/uvm_tlm2_sockets.svh'.
Back to file '/usr/synopsys/vcs-mx/N-2017.12-SP2-5//etc/uvm-1.1/tlm2/uvm_tlm2.svh'.
Back to file '/usr/synopsys/vcs-mx/N-2017.12-SP2-5//etc/uvm-1.1/uvm_pkg.sv'.
Parsing included file '/usr/synopsys/vcs-mx/N-2017.12-SP2-5//etc/uvm-1.1/reg/uvm_reg_model.svh'.
Parsing included file '/usr/synopsys/vcs-mx/N-2017.12-SP2-5//etc/uvm-1.1/reg/uvm_reg_item.svh'.
Back to file '/usr/synopsys/vcs-mx/N-2017.12-SP2-5//etc/uvm-1.1/reg/uvm_reg_model.svh'.
Parsing included file '/usr/synopsys/vcs-mx/N-2017.12-SP2-5//etc/uvm-1.1/reg/uvm_reg_adapter.svh'.
Back to file '/usr/synopsys/vcs-mx/N-2017.12-SP2-5//etc/uvm-1.1/reg/uvm_reg_model.svh'.
Parsing included file '/usr/synopsys/vcs-mx/N-2017.12-SP2-5//etc/uvm-1.1/reg/uvm_reg_predictor.svh'.
Back to file '/usr/synopsys/vcs-mx/N-2017.12-SP2-5//etc/uvm-1.1/reg/uvm_reg_model.svh'.
Parsing included file '/usr/synopsys/vcs-mx/N-2017.12-SP2-5//etc/uvm-1.1/reg/uvm_reg_sequence.svh'.
Back to file '/usr/synopsys/vcs-mx/N-2017.12-SP2-5//etc/uvm-1.1/reg/uvm_reg_model.svh'.
Parsing included file '/usr/synopsys/vcs-mx/N-2017.12-SP2-5//etc/uvm-1.1/reg/uvm_reg_cbs.svh'.
Back to file '/usr/synopsys/vcs-mx/N-2017.12-SP2-5//etc/uvm-1.1/reg/uvm_reg_model.svh'.
Parsing included file '/usr/synopsys/vcs-mx/N-2017.12-SP2-5//etc/uvm-1.1/reg/uvm_reg_backdoor.svh'.
Back to file '/usr/synopsys/vcs-mx/N-2017.12-SP2-5//etc/uvm-1.1/reg/uvm_reg_model.svh'.
Parsing included file '/usr/synopsys/vcs-mx/N-2017.12-SP2-5//etc/uvm-1.1/reg/uvm_reg_field.svh'.
Back to file '/usr/synopsys/vcs-mx/N-2017.12-SP2-5//etc/uvm-1.1/reg/uvm_reg_model.svh'.
Parsing included file '/usr/synopsys/vcs-mx/N-2017.12-SP2-5//etc/uvm-1.1/reg/uvm_vreg_field.svh'.
Back to file '/usr/synopsys/vcs-mx/N-2017.12-SP2-5//etc/uvm-1.1/reg/uvm_reg_model.svh'.
Parsing included file '/usr/synopsys/vcs-mx/N-2017.12-SP2-5//etc/uvm-1.1/reg/uvm_reg.svh'.
Back to file '/usr/synopsys/vcs-mx/N-2017.12-SP2-5//etc/uvm-1.1/reg/uvm_reg_model.svh'.
Parsing included file '/usr/synopsys/vcs-mx/N-2017.12-SP2-5//etc/uvm-1.1/reg/uvm_reg_indirect.svh'.
Back to file '/usr/synopsys/vcs-mx/N-2017.12-SP2-5//etc/uvm-1.1/reg/uvm_reg_model.svh'.
Parsing included file '/usr/synopsys/vcs-mx/N-2017.12-SP2-5//etc/uvm-1.1/reg/uvm_reg_fifo.svh'.
Back to file '/usr/synopsys/vcs-mx/N-2017.12-SP2-5//etc/uvm-1.1/reg/uvm_reg_model.svh'.
Parsing included file '/usr/synopsys/vcs-mx/N-2017.12-SP2-5//etc/uvm-1.1/reg/uvm_reg_file.svh'.
Back to file '/usr/synopsys/vcs-mx/N-2017.12-SP2-5//etc/uvm-1.1/reg/uvm_reg_model.svh'.
Parsing included file '/usr/synopsys/vcs-mx/N-2017.12-SP2-5//etc/uvm-1.1/reg/uvm_mem_mam.svh'.
Back to file '/usr/synopsys/vcs-mx/N-2017.12-SP2-5//etc/uvm-1.1/reg/uvm_reg_model.svh'.
Parsing included file '/usr/synopsys/vcs-mx/N-2017.12-SP2-5//etc/uvm-1.1/reg/uvm_vreg.svh'.
Back to file '/usr/synopsys/vcs-mx/N-2017.12-SP2-5//etc/uvm-1.1/reg/uvm_reg_model.svh'.
Parsing included file '/usr/synopsys/vcs-mx/N-2017.12-SP2-5//etc/uvm-1.1/reg/uvm_mem.svh'.
Back to file '/usr/synopsys/vcs-mx/N-2017.12-SP2-5//etc/uvm-1.1/reg/uvm_reg_model.svh'.
Parsing included file '/usr/synopsys/vcs-mx/N-2017.12-SP2-5//etc/uvm-1.1/reg/uvm_reg_map.svh'.
Back to file '/usr/synopsys/vcs-mx/N-2017.12-SP2-5//etc/uvm-1.1/reg/uvm_reg_model.svh'.
Parsing included file '/usr/synopsys/vcs-mx/N-2017.12-SP2-5//etc/uvm-1.1/reg/uvm_reg_block.svh'.
Back to file '/usr/synopsys/vcs-mx/N-2017.12-SP2-5//etc/uvm-1.1/reg/uvm_reg_model.svh'.
Parsing included file '/usr/synopsys/vcs-mx/N-2017.12-SP2-5//etc/uvm-1.1/reg/sequences/uvm_reg_hw_reset_seq.svh'.
Back to file '/usr/synopsys/vcs-mx/N-2017.12-SP2-5//etc/uvm-1.1/reg/uvm_reg_model.svh'.
Parsing included file '/usr/synopsys/vcs-mx/N-2017.12-SP2-5//etc/uvm-1.1/reg/sequences/uvm_reg_bit_bash_seq.svh'.
Back to file '/usr/synopsys/vcs-mx/N-2017.12-SP2-5//etc/uvm-1.1/reg/uvm_reg_model.svh'.
Parsing included file '/usr/synopsys/vcs-mx/N-2017.12-SP2-5//etc/uvm-1.1/reg/sequences/uvm_mem_walk_seq.svh'.
Back to file '/usr/synopsys/vcs-mx/N-2017.12-SP2-5//etc/uvm-1.1/reg/uvm_reg_model.svh'.
Parsing included file '/usr/synopsys/vcs-mx/N-2017.12-SP2-5//etc/uvm-1.1/reg/sequences/uvm_mem_access_seq.svh'.
Back to file '/usr/synopsys/vcs-mx/N-2017.12-SP2-5//etc/uvm-1.1/reg/uvm_reg_model.svh'.
Parsing included file '/usr/synopsys/vcs-mx/N-2017.12-SP2-5//etc/uvm-1.1/reg/sequences/uvm_reg_access_seq.svh'.
Back to file '/usr/synopsys/vcs-mx/N-2017.12-SP2-5//etc/uvm-1.1/reg/uvm_reg_model.svh'.
Parsing included file '/usr/synopsys/vcs-mx/N-2017.12-SP2-5//etc/uvm-1.1/reg/sequences/uvm_reg_mem_shared_access_seq.svh'.
Back to file '/usr/synopsys/vcs-mx/N-2017.12-SP2-5//etc/uvm-1.1/reg/uvm_reg_model.svh'.
Parsing included file '/usr/synopsys/vcs-mx/N-2017.12-SP2-5//etc/uvm-1.1/reg/sequences/uvm_reg_mem_built_in_seq.svh'.
Back to file '/usr/synopsys/vcs-mx/N-2017.12-SP2-5//etc/uvm-1.1/reg/uvm_reg_model.svh'.
Parsing included file '/usr/synopsys/vcs-mx/N-2017.12-SP2-5//etc/uvm-1.1/reg/sequences/uvm_reg_mem_hdl_paths_seq.svh'.
Back to file '/usr/synopsys/vcs-mx/N-2017.12-SP2-5//etc/uvm-1.1/reg/uvm_reg_model.svh'.
Parsing included file '/usr/synopsys/vcs-mx/N-2017.12-SP2-5//etc/uvm-1.1/reg/snps_uvm_reg_bank.svh'.
Back to file '/usr/synopsys/vcs-mx/N-2017.12-SP2-5//etc/uvm-1.1/reg/uvm_reg_model.svh'.
Back to file '/usr/synopsys/vcs-mx/N-2017.12-SP2-5//etc/uvm-1.1/uvm_pkg.sv'.
Parsing design file 'testcase.sv'
Parsing included file 'testclass.sv'.
Parsing included file 'reset_sequence.sv'.
Parsing included file 'reset_sequence_item.sv'.

Error-[IPD] Identifier previously declared
  Identifier 'type_id' previously declared as typedef  
  [reset_sequence_item.sv:5].
  "reset_sequence_item.sv", 14 (expanding macro)
  Source info:     `uvm_object_utils_begin (reset_sequence_item);


Error-[IPD] Identifier previously declared
  Identifier 'get_type' previously declared as Function.
  "reset_sequence_item.sv", 14 (expanding macro)
  Source info:     `uvm_object_utils_begin (reset_sequence_item);


Error-[IPD] Identifier previously declared
  Identifier 'get_object_type' previously declared as Function.
  "reset_sequence_item.sv", 14 (expanding macro)
  Source info:     `uvm_object_utils_begin (reset_sequence_item);


Error-[IPD] Identifier previously declared
  Identifier 'create' previously declared as Function.
  "reset_sequence_item.sv", 14 (expanding macro)
  Source info:     `uvm_object_utils_begin (reset_sequence_item);


Warning-[IPDW] Identifier previously declared
reset_sequence_item.sv, 14
  Second declaration for identifier 'type_name' ignored
  Identifier 'type_name' previously declared as string. 
  [reset_sequence_item.sv, 5]


Error-[IPD] Identifier previously declared
  Identifier 'get_type_name' previously declared as Function.
  "reset_sequence_item.sv", 14 (expanding macro)
  Source info:     `uvm_object_utils_begin (reset_sequence_item);


Error-[IPD] Identifier previously declared
  Identifier '__m_uvm_field_automation' previously declared as Function.
  "reset_sequence_item.sv", 14 (expanding macro)
  Source info:     `uvm_object_utils_begin (reset_sequence_item);

Back to file 'reset_sequence.sv'.
Back to file 'testclass.sv'.
Parsing included file 'wb_sequence.sv'.
Parsing included file 'wb_sequence_item.sv'.
Back to file 'wb_sequence.sv'.
Back to file 'testclass.sv'.
Parsing included file 'tx_sequence.sv'.
Parsing included file 'tx_sequence_item.sv'.
Back to file 'tx_sequence.sv'.

Error-[IND] Identifier not declared
tx_sequence.sv, 5
  Identifier 'tx_sequence_item' has not been declared yet. If this error is 
  not expected, please check if you have set `default_nettype to none.
  

Back to file 'testclass.sv'.
Parsing included file 'environment.sv'.
Parsing included file 'reset_agent.sv'.
Parsing included file 'reset_driver.sv'.
Back to file 'reset_agent.sv'.
Back to file 'environment.sv'.
Parsing included file 'wb_agent.sv'.
Parsing included file 'wb_driver.sv'.
Back to file 'wb_agent.sv'.
Back to file 'environment.sv'.
Parsing included file 'tx_agent.sv'.
Parsing included file 'tx_monitor.sv'.

Error-[SE] Syntax error
  Following verilog source has syntax error :
  	Token 'tx_sequence_item' not recognized as a type. Please check 
  whether it is misspelled, not visible/valid in the current context, or not 
  properly imported/exported. This is occurring in a context where a variable 
  declaration, a statement, or a sequence expression is expected. Either the 
  declaration type is not known or this is incorrect syntax.
  "tx_monitor.sv", 28: token is ';'
          tx_sequence_item pkt_id;
                                  ^

1 warning
8 errors
CPU time: .698 seconds to compile
